{"total": {"lines":{"total":65,"covered":33,"skipped":0,"pct":50.76},"statements":{"total":65,"covered":33,"skipped":0,"pct":50.76},"functions":{"total":19,"covered":11,"skipped":0,"pct":57.89},"branches":{"total":17,"covered":4,"skipped":0,"pct":23.52},"branchesTrue":{"total":0,"covered":0,"skipped":0,"pct":100}}
,"/Users/diogo_bontempo/sd-019-b-project-car-shop/src/controllers/CarController.ts": {"lines":{"total":37,"covered":14,"skipped":0,"pct":37.83},"functions":{"total":6,"covered":3,"skipped":0,"pct":50},"statements":{"total":37,"covered":14,"skipped":0,"pct":37.83},"branches":{"total":12,"covered":2,"skipped":0,"pct":16.66}}
,"/Users/diogo_bontempo/sd-019-b-project-car-shop/src/models/CarModel.ts": {"lines":{"total":5,"covered":5,"skipped":0,"pct":100},"functions":{"total":1,"covered":1,"skipped":0,"pct":100},"statements":{"total":5,"covered":5,"skipped":0,"pct":100},"branches":{"total":1,"covered":1,"skipped":0,"pct":100}}
,"/Users/diogo_bontempo/sd-019-b-project-car-shop/src/models/MongoModel.ts": {"lines":{"total":7,"covered":4,"skipped":0,"pct":57.14},"functions":{"total":6,"covered":3,"skipped":0,"pct":50},"statements":{"total":7,"covered":4,"skipped":0,"pct":57.14},"branches":{"total":0,"covered":0,"skipped":0,"pct":100}}
,"/Users/diogo_bontempo/sd-019-b-project-car-shop/src/services/CarService.ts": {"lines":{"total":11,"covered":6,"skipped":0,"pct":54.54},"functions":{"total":2,"covered":1,"skipped":0,"pct":50},"statements":{"total":11,"covered":6,"skipped":0,"pct":54.54},"branches":{"total":4,"covered":1,"skipped":0,"pct":25}}
,"/Users/diogo_bontempo/sd-019-b-project-car-shop/src/services/GenericService.ts": {"lines":{"total":5,"covered":4,"skipped":0,"pct":80},"functions":{"total":4,"covered":3,"skipped":0,"pct":75},"statements":{"total":5,"covered":4,"skipped":0,"pct":80},"branches":{"total":0,"covered":0,"skipped":0,"pct":100}}
}
